<?xml version="1.0" encoding="UTF-8" ?>
<testsuite failures="0" time="0.007" errors="0" skipped="0" tests="12" name="com.ctco.w4d4taskatayeva.StringProcessorTest">
  <properties>
[...]
</properties>
  <testcase time="0.004" classname="com.ctco.w4d4taskatayeva.StringProcessorTest" name="shouldProcessLastElementInString"/>
  <testcase time="0" classname="com.ctco.w4d4taskatayeva.StringProcessorTest" name="shouldNotRemoveIfEvenNumberOfBackslashes"/>
  <testcase time="0" classname="com.ctco.w4d4taskatayeva.StringProcessorTest" name="shouldProcessFirstElementInString"/>
  <testcase time="0" classname="com.ctco.w4d4taskatayeva.StringProcessorTest" name="shouldRemoveIfOddNumberOfBackslashes"/>
  <testcase time="0" classname="com.ctco.w4d4taskatayeva.StringProcessorTest" name="shouldRemoveOneBackSlashAndNewLine"/>
  <testcase time="0" classname="com.ctco.w4d4taskatayeva.StringProcessorTest" name="shouldReturnBasicStringIfNoBackslash"/>
  <testcase time="0.001" classname="com.ctco.w4d4taskatayeva.StringProcessorTest" name="shouldRemoveTwoBackslashesAndNewLines"/>
  <testcase time="0" classname="com.ctco.w4d4taskatayeva.StringProcessorTest" name="shouldNotBeModifiedIfOnlyNewLineWithoutBackSlashAheadIsFound"/>
  <testcase time="0" classname="com.ctco.w4d4taskatayeva.StringProcessorTest" name="shouldNotBeModifiedIfOnlyBackSlashIsFoundAndNewLineNotFound"/>
  <testcase time="0.001" classname="com.ctco.w4d4taskatayeva.StringProcessorTest" name="shouldThrowNullPointerExceptionIfStringIsEmpty"/>
  <testcase time="0" classname="com.ctco.w4d4taskatayeva.StringProcessorTest" name="shouldNotRemoveIfNewLineIsBeforeBackslash"/>
  <testcase time="0.001" classname="com.ctco.w4d4taskatayeva.StringProcessorTest" name="shouldRemoveIfIsTheOnlyElementInList"/>
</testsuite>